<?xml version="1.0" encoding="UTF-8"?>
<!-- Generated by org.testng.reporters.JUnitReportReporter -->
<testsuite hostname="Ayushs-MacBook-Pro.local" name="com.company.module.test.FBTest" tests="1" failures="0" timestamp="29 Jul 2017 02:03:47 GMT" time="15.328" errors="1">
  <testcase name="testFB" time="15.328" classname="com.company.module.test.FBTest">
    <error type="org.openqa.selenium.WebDriverException" message="unknown error: Element &lt;a data-testid=&quot;left_nav_item_Surabhi Soni&quot; class=&quot;_5afe&quot; data-gt=&quot;{&amp;quot;bmid&amp;quot;:&amp;quot;1047429300&amp;quot;,&amp;quot;count&amp;quot;:&amp;quot;0&amp;quot;,&amp;quot;count_details&amp;quot;:&amp;quot;&amp;quot;,&amp;quot;post_name_icon&amp;quot;:&amp;quot;&amp;quot;,&amp;quot;bookmark_type&amp;quot;:&amp;quot;type_self_timeline&amp;quot;,&amp;quot;rank&amp;quot;:&amp;quot;1&amp;quot;,&amp;quot;nav_section&amp;quot;:&amp;quot;userNav&amp;quot;,&amp;quot;sec_position&amp;quot;:&amp;quot;1&amp;quot;,&amp;quot;total&amp;quot;:&amp;quot;pinned&amp;quot;}&quot; title=&quot;Surabhi Soni&quot; href=&quot;https://www.facebook.com/surabhi.soni?ref=bookmarks&quot; draggable=&quot;false&quot;&gt;...&lt;/a&gt; is not clickable at point (107, 69). Other element would receive the click: &lt;div class=&quot;_3ixn&quot;&gt;&lt;/div&gt;
  (Session info: chrome=59.0.3071.115)
  (Driver info: chromedriver=2.30.477690 (c53f4ad87510ee97b5c3425a14c0e79780cdf262),platform=Mac OS X 10.11.6 x86_64) (WARNING: The server did not provide any stacktrace information)
Command duration or timeout: 96 milliseconds
Build info: version: &#039;unknown&#039;, revision: &#039;unknown&#039;, time: &#039;unknown&#039;
System info: host: &#039;Ayushs-MacBook-Pro.local&#039;, ip: &#039;10.1.10.242&#039;, os.name: &#039;Mac OS X&#039;, os.arch: &#039;x86_64&#039;, os.version: &#039;10.11.6&#039;, java.version: &#039;1.8.0_121&#039;
Driver info: org.openqa.selenium.chrome.ChromeDriver
Capabilities [{applicationCacheEnabled=false, rotatable=false, mobileEmulationEnabled=false, networkConnectionEnabled=false, chrome={chromedriverVersion=2.30.477690 (c53f4ad87510ee97b5c3425a14c0e79780cdf262), userDataDir=/var/folders/_s/21dxl_sd3jg3z6r4g41zdgkh0000gn/T/.org.chromium.Chromium.4u4fvd}, takesHeapSnapshot=true, pageLoadStrategy=normal, databaseEnabled=false, handlesAlerts=true, hasTouchScreen=false, version=59.0.3071.115, platform=MAC, browserConnectionEnabled=false, nativeEvents=true, acceptSslCerts=true, locationContextEnabled=true, webStorageEnabled=true, browserName=chrome, takesScreenshot=true, javascriptEnabled=true, cssSelectorsEnabled=true, unexpectedAlertBehaviour=}]
Session ID: 556199d3c778a16c9380cf31396c463f">
      <![CDATA[org.openqa.selenium.WebDriverException: unknown error: Element <a data-testid="left_nav_item_Surabhi Soni" class="_5afe" data-gt="{&quot;bmid&quot;:&quot;1047429300&quot;,&quot;count&quot;:&quot;0&quot;,&quot;count_details&quot;:&quot;&quot;,&quot;post_name_icon&quot;:&quot;&quot;,&quot;bookmark_type&quot;:&quot;type_self_timeline&quot;,&quot;rank&quot;:&quot;1&quot;,&quot;nav_section&quot;:&quot;userNav&quot;,&quot;sec_position&quot;:&quot;1&quot;,&quot;total&quot;:&quot;pinned&quot;}" title="Surabhi Soni" href="https://www.facebook.com/surabhi.soni?ref=bookmarks" draggable="false">...</a> is not clickable at point (107, 69). Other element would receive the click: <div class="_3ixn"></div>
  (Session info: chrome=59.0.3071.115)
  (Driver info: chromedriver=2.30.477690 (c53f4ad87510ee97b5c3425a14c0e79780cdf262),platform=Mac OS X 10.11.6 x86_64) (WARNING: The server did not provide any stacktrace information)
Command duration or timeout: 96 milliseconds
Build info: version: 'unknown', revision: 'unknown', time: 'unknown'
System info: host: 'Ayushs-MacBook-Pro.local', ip: '10.1.10.242', os.name: 'Mac OS X', os.arch: 'x86_64', os.version: '10.11.6', java.version: '1.8.0_121'
Driver info: org.openqa.selenium.chrome.ChromeDriver
Capabilities [{applicationCacheEnabled=false, rotatable=false, mobileEmulationEnabled=false, networkConnectionEnabled=false, chrome={chromedriverVersion=2.30.477690 (c53f4ad87510ee97b5c3425a14c0e79780cdf262), userDataDir=/var/folders/_s/21dxl_sd3jg3z6r4g41zdgkh0000gn/T/.org.chromium.Chromium.4u4fvd}, takesHeapSnapshot=true, pageLoadStrategy=normal, databaseEnabled=false, handlesAlerts=true, hasTouchScreen=false, version=59.0.3071.115, platform=MAC, browserConnectionEnabled=false, nativeEvents=true, acceptSslCerts=true, locationContextEnabled=true, webStorageEnabled=true, browserName=chrome, takesScreenshot=true, javascriptEnabled=true, cssSelectorsEnabled=true, unexpectedAlertBehaviour=}]
Session ID: 556199d3c778a16c9380cf31396c463f
	at sun.reflect.NativeConstructorAccessorImpl.newInstance0(Native Method)
	at sun.reflect.NativeConstructorAccessorImpl.newInstance(NativeConstructorAccessorImpl.java:62)
	at sun.reflect.DelegatingConstructorAccessorImpl.newInstance(DelegatingConstructorAccessorImpl.java:45)
	at java.lang.reflect.Constructor.newInstance(Constructor.java:423)
	at org.openqa.selenium.remote.ErrorHandler.createThrowable(ErrorHandler.java:215)
	at org.openqa.selenium.remote.ErrorHandler.throwIfResponseFailed(ErrorHandler.java:167)
	at org.openqa.selenium.remote.RemoteWebDriver.execute(RemoteWebDriver.java:671)
	at org.openqa.selenium.remote.RemoteWebElement.execute(RemoteWebElement.java:272)
	at org.openqa.selenium.remote.RemoteWebElement.click(RemoteWebElement.java:82)
	at com.company.module.TestBase_FB.clickElement(TestBase_FB.java:105)
	at com.company.pages.Home.openProfile(Home.java:22)
	at com.company.module.test.FBTest.testFB(FBTest.java:12)
	at sun.reflect.NativeMethodAccessorImpl.invoke0(Native Method)
	at sun.reflect.NativeMethodAccessorImpl.invoke(NativeMethodAccessorImpl.java:62)
	at sun.reflect.DelegatingMethodAccessorImpl.invoke(DelegatingMethodAccessorImpl.java:43)
	at java.lang.reflect.Method.invoke(Method.java:498)
	at org.testng.internal.MethodInvocationHelper.invokeMethod(MethodInvocationHelper.java:86)
	at org.testng.internal.Invoker.invokeMethod(Invoker.java:643)
	at org.testng.internal.Invoker.invokeTestMethod(Invoker.java:820)
	at org.testng.internal.Invoker.invokeTestMethods(Invoker.java:1128)
	at org.testng.internal.TestMethodWorker.invokeTestMethods(TestMethodWorker.java:129)
	at org.testng.internal.TestMethodWorker.run(TestMethodWorker.java:112)
	at org.testng.TestRunner.privateRun(TestRunner.java:782)
	at org.testng.TestRunner.run(TestRunner.java:632)
	at org.testng.SuiteRunner.runTest(SuiteRunner.java:366)
	at org.testng.SuiteRunner.runSequentially(SuiteRunner.java:361)
	at org.testng.SuiteRunner.privateRun(SuiteRunner.java:319)
	at org.testng.SuiteRunner.run(SuiteRunner.java:268)
	at org.testng.SuiteRunnerWorker.runSuite(SuiteRunnerWorker.java:52)
	at org.testng.SuiteRunnerWorker.run(SuiteRunnerWorker.java:86)
	at org.testng.TestNG.runSuitesSequentially(TestNG.java:1244)
	at org.testng.TestNG.runSuitesLocally(TestNG.java:1169)
	at org.testng.TestNG.run(TestNG.java:1064)
	at org.testng.remote.AbstractRemoteTestNG.run(AbstractRemoteTestNG.java:132)
	at org.testng.remote.RemoteTestNG.initAndRun(RemoteTestNG.java:230)
	at org.testng.remote.RemoteTestNG.main(RemoteTestNG.java:76)
]]>
    </error>
  </testcase> <!-- testFB -->
</testsuite> <!-- com.company.module.test.FBTest -->
